{
  "RSpec": {
    "coverage": {
      "/Workspace/sealink/tenants_helper/lib/tenants_helper.rb": [
        1,
        1,
        1,
        9,
        9,
        9,
        null,
        null,
        null,
        1,
        null,
        null,
        1,
        1,
        1,
        1,
        1
      ],
      "/Workspace/sealink/tenants_helper/lib/tenants_helper/config_loader.rb": [
        1,
        null,
        1,
        1,
        1,
        null,
        1,
        12,
        12,
        null,
        null,
        1,
        10,
        null,
        1,
        null,
        1,
        null,
        1,
        12,
        11,
        null,
        null,
        1,
        11,
        null,
        1,
        null,
        1,
        10,
        null,
        null,
        1,
        21,
        null,
        null,
        null
      ],
      "/Workspace/sealink/tenants_helper/lib/tenants_helper/tenants.rb": [
        1,
        1,
        1,
        1,
        9,
        null,
        18,
        18,
        null,
        null,
        null,
        null,
        null,
        1,
        8,
        null,
        null,
        1,
        null,
        null,
        4,
        null,
        null,
        1,
        2,
        null,
        null,
        1,
        2,
        null,
        null,
        null,
        1,
        1,
        null,
        null
      ]
    },
    "timestamp": 1454885648
  }
}
