{
  "RSpec": {
    "coverage": {
      "/Workspace/sealink/tenants_helper/lib/tenants_helper.rb": [
        1,
        null,
        1,
        1,
        1,
        1,
        null,
        1,
        11,
        1,
        null,
        null,
        null,
        1,
        11,
        null,
        null,
        null,
        null,
        1,
        1,
        1
      ],
      "/Workspace/sealink/tenants_helper/lib/tenants_helper/tenants.rb": [
        1,
        1,
        1,
        10,
        9,
        null,
        null,
        18,
        18,
        null,
        null,
        9,
        null,
        null,
        1,
        8,
        null,
        null,
        1,
        null,
        null,
        4,
        null,
        null,
        1,
        2,
        null,
        null,
        1,
        2,
        2,
        null,
        null,
        1,
        null,
        1,
        18,
        18,
        36,
        36,
        null,
        18,
        null,
        null,
        null,
        1,
        1,
        null,
        null
      ],
      "/Workspace/sealink/tenants_helper/lib/tenants_helper/queryable_collection.rb": [
        1,
        1,
        1,
        null,
        1,
        17,
        17,
        null,
        null,
        1,
        0,
        null,
        null,
        1,
        8,
        null,
        null,
        1,
        8,
        null,
        null,
        1,
        8,
        null,
        null,
        1,
        0,
        null,
        null,
        1,
        0,
        null,
        null,
        1,
        null,
        1,
        8,
        null,
        null,
        1,
        0,
        null,
        null,
        1,
        0,
        0,
        0,
        null,
        null,
        1,
        1,
        8,
        8,
        8,
        null,
        null,
        1,
        8,
        16,
        16,
        null,
        null,
        null,
        null,
        1,
        null,
        1,
        8,
        null,
        null,
        1,
        16,
        8,
        0,
        null,
        null,
        null,
        null
      ]
    },
    "timestamp": 1454475242
  }
}
